<?xml version="1.0" encoding="UTF-8"?>
<!-- Generated by org.testng.reporters.JUnitXMLReporter -->
<testsuite ignored="0" hostname="DESKTOP-P561H4D" failures="1" tests="38" name="Test" time="0.071" errors="0" timestamp="2021-06-10T21:03:20 EDT">
  <testcase classname="loans.PersonalLoans" name="PersonalLoansLogin" time="0.005"/>
  <testcase classname="loans.PersonalLoans" name="PersonalLoansSummary" time="0.001"/>
  <testcase classname="loans.PersonalLoans" name="PersonalLoansUserPage" time="0.002">
    <failure type="java.lang.AssertionError" message="expected [true] but found [false]">
      <![CDATA[java.lang.AssertionError: expected [true] but found [false]
at loans.PersonalLoans.PersonalLoansUserPage(PersonalLoans.java:19)
at java.base/java.util.ArrayList.forEach(ArrayList.java:1511)
... Removed 31 stack frames]]>
    </failure>
  </testcase> <!-- PersonalLoansUserPage -->
  <testcase classname="loans.PersonalLoans" name="PersonalLoansLogout" time="0.0"/>
  <testcase classname="mortgage.HouseMortgage" name="HouseMortgageLogin" time="0.001"/>
  <testcase classname="mortgage.HouseMortgage" name="HouseMortgageLogout" time="0.001"/>
  <testcase classname="mortgage.HouseMortgage" name="HouseMortgageSummary" time="0.0"/>
  <testcase classname="mortgage.HouseMortgage" name="HouseMortgageUserPage" time="0.0"/>
  <testcase classname="mortgage.CommercialMortgage" name="CommercialMortgageLogin" time="0.0"/>
  <testcase classname="mortgage.CommercialMortgage" name="CommercialMortgageLogout" time="0.0"/>
  <testcase classname="mortgage.CommercialMortgage" name="CommercialMortgageSummary" time="0.0"/>
  <testcase classname="mortgage.CommercialMortgage" name="CommercialMortgageUserPage" time="0.0"/>
  <testcase classname="studentLoans.UniStudentLoans" name="UniStudentLoansLogin" time="0.001"/>
  <testcase classname="studentLoans.UniStudentLoans" name="UniStudentLoansLogout" time="0.0"/>
  <testcase classname="studentLoans.UniStudentLoans" name="UniStudentLoansSummary" time="0.001"/>
  <testcase classname="studentLoans.UniStudentLoans" name="UniStudentLoansUserPage" time="0.001"/>
  <testcase classname="studentLoans.PhdStudentLoans" name="PhdStudentLoansLogin" time="0.0"/>
  <testcase classname="studentLoans.PhdStudentLoans" name="PhdStudentLoansLogout" time="0.0"/>
  <testcase classname="studentLoans.PhdStudentLoans" name="PhdStudentLoansSummary" time="0.001"/>
  <testcase classname="studentLoans.PhdStudentLoans" name="PhdStudentLoansUserPage" time="0.001"/>
  <testcase classname="loans.MedicalLoans" name="MedicalLoansLogin" time="0.001"/>
  <testcase classname="loans.MedicalLoans" name="MedicalLoansLogout" time="0.0"/>
  <testcase classname="loans.MedicalLoans" name="MedicalLoansSummary" time="0.0"/>
  <testcase classname="loans.MedicalLoans" name="MedicalLoansUserPage" time="0.001"/>
  <testcase classname="mortgage.CottageMortgage" name="CottageMortgageLogin" time="0.001"/>
  <testcase classname="mortgage.CottageMortgage" name="CottageMortgageLogout" time="0.001"/>
  <testcase classname="mortgage.CottageMortgage" name="CottageMortgageSummary" time="0.001"/>
  <testcase classname="mortgage.CottageMortgage" name="CottageMortgageUserPage" time="0.001"/>
  <testcase classname="studentLoans.CollegeStudentLoans" name="CollegeStudentLoansLogin" time="0.001"/>
  <testcase classname="studentLoans.CollegeStudentLoans" name="CollegeStudentLoansLogout" time="0.0"/>
  <testcase classname="studentLoans.CollegeStudentLoans" name="CollegeStudentLoansSummary" time="0.0"/>
  <testcase classname="studentLoans.CollegeStudentLoans" name="CollegeStudentLoansUserPage" time="0.0"/>
  <testcase classname="loans.CarLoans" name="CarloansLogin" time="0.0"/>
  <testcase classname="loans.CarLoans" name="CarloansLogout" time="0.0"/>
  <testcase classname="loans.CarLoans" name="CarloansSummary" time="0.001"/>
  <testcase classname="loans.CarLoans" name="CarloansSummary" time="0.001"/>
  <testcase classname="loans.CarLoans" name="CarloansSummary" time="0.0"/>
  <testcase classname="loans.CarLoans" name="CarloansUserPage" time="0.0"/>
</testsuite> <!-- Test -->
